-------------------------------------------------------------------------------
Test set: com.projects.praticandoAPI.ComentarioApiAplicationTest
-------------------------------------------------------------------------------
Tests run: 1, Failures: 1, Errors: 0, Skipped: 0, Time elapsed: 17.577 s <<< FAILURE! - in com.projects.praticandoAPI.ComentarioApiAplicationTest
com.projects.praticandoAPI.ComentarioApiAplicationTest.testCreateUsuarioDefault  Time elapsed: 0.686 s  <<< FAILURE!
java.lang.AssertionError: JSON path "mensagem" expected:<Comentario05> but was:<CursoHorrivel>
	at com.projects.praticandoAPI.ComentarioApiAplicationTest.testCreateUsuarioDefault(ComentarioApiAplicationTest.java:35)

