<?xml version="1.0" encoding="UTF-8"?>
<testsuite xmlns:xsi="http://www.w3.org/2001/XMLSchema-instance" xsi:noNamespaceSchemaLocation="https://maven.apache.org/surefire/maven-surefire-plugin/xsd/surefire-test-report-3.0.xsd" version="3.0" name="com.projects.praticandoAPI.ComentarioApiAplicationTest" time="17.577" tests="1" errors="0" skipped="0" failures="1">
  <properties>
[...]
</properties>
  <testcase name="testCreateUsuarioDefault" classname="com.projects.praticandoAPI.ComentarioApiAplicationTest" time="0.686">
    <failure type="java.lang.AssertionError"><![CDATA[java.lang.AssertionError: JSON path "mensagem" expected:<Comentario05> but was:<CursoHorrivel>
	at com.projects.praticandoAPI.ComentarioApiAplicationTest.testCreateUsuarioDefault(ComentarioApiAplicationTest.java:35)
]]></failure>
    <system-out><![CDATA[21:06:43.927 [main] DEBUG org.springframework.test.context.junit4.SpringJUnit4ClassRunner - SpringJUnit4ClassRunner constructor called with [class com.projects.praticandoAPI.ComentarioApiAplicationTest]
21:06:43.950 [main] DEBUG org.springframework.test.context.BootstrapUtils - Instantiating CacheAwareContextLoaderDelegate from class [org.springframework.test.context.cache.DefaultCacheAwareContextLoaderDelegate]
21:06:43.994 [main] DEBUG org.springframework.test.context.BootstrapUtils - Instantiating BootstrapContext using constructor [public org.springframework.test.context.support.DefaultBootstrapContext(java.lang.Class,org.springframework.test.context.CacheAwareContextLoaderDelegate)]
21:06:44.102 [main] DEBUG org.springframework.test.context.BootstrapUtils - Instantiating TestContextBootstrapper for test class [com.projects.praticandoAPI.ComentarioApiAplicationTest] from class [org.springframework.boot.test.context.SpringBootTestContextBootstrapper]
21:06:44.157 [main] INFO org.springframework.boot.test.context.SpringBootTestContextBootstrapper - Neither @ContextConfiguration nor @ContextHierarchy found for test class [com.projects.praticandoAPI.ComentarioApiAplicationTest], using SpringBootContextLoader
21:06:44.230 [main] DEBUG org.springframework.test.context.support.AbstractContextLoader - Did not detect default resource location for test class [com.projects.praticandoAPI.ComentarioApiAplicationTest]: class path resource [com/projects/praticandoAPI/ComentarioApiAplicationTest-context.xml] does not exist
21:06:44.233 [main] DEBUG org.springframework.test.context.support.AbstractContextLoader - Did not detect default resource location for test class [com.projects.praticandoAPI.ComentarioApiAplicationTest]: class path resource [com/projects/praticandoAPI/ComentarioApiAplicationTestContext.groovy] does not exist
21:06:44.233 [main] INFO org.springframework.test.context.support.AbstractContextLoader - Could not detect default resource locations for test class [com.projects.praticandoAPI.ComentarioApiAplicationTest]: no resource found for suffixes {-context.xml, Context.groovy}.
21:06:44.238 [main] INFO org.springframework.test.context.support.AnnotationConfigContextLoaderUtils - Could not detect default configuration classes for test class [com.projects.praticandoAPI.ComentarioApiAplicationTest]: ComentarioApiAplicationTest does not declare any static, non-private, non-final, nested classes annotated with @Configuration.
21:06:44.496 [main] DEBUG org.springframework.test.context.support.ActiveProfilesUtils - Could not find an 'annotation declaring class' for annotation type [org.springframework.test.context.ActiveProfiles] and class [com.projects.praticandoAPI.ComentarioApiAplicationTest]
21:06:44.806 [main] DEBUG org.springframework.context.annotation.ClassPathScanningCandidateComponentProvider - Identified candidate component class: file [C:\Users\gabri\Downloads\API-Cursos-clean-architecture-DevOps-QA-java-main\target\classes\com\projects\praticandoAPI\PraticandoApiApplication.class]
21:06:44.830 [main] INFO org.springframework.boot.test.context.SpringBootTestContextBootstrapper - Found @SpringBootConfiguration com.projects.praticandoAPI.PraticandoApiApplication for test class com.projects.praticandoAPI.ComentarioApiAplicationTest
21:06:45.214 [main] DEBUG org.springframework.boot.test.context.SpringBootTestContextBootstrapper - @TestExecutionListeners is not present for class [com.projects.praticandoAPI.ComentarioApiAplicationTest]: using defaults.
21:06:45.216 [main] INFO org.springframework.boot.test.context.SpringBootTestContextBootstrapper - Loaded default TestExecutionListener class names from location [META-INF/spring.factories]: [org.springframework.boot.test.mock.mockito.MockitoTestExecutionListener, org.springframework.boot.test.mock.mockito.ResetMocksTestExecutionListener, org.springframework.boot.test.autoconfigure.restdocs.RestDocsTestExecutionListener, org.springframework.boot.test.autoconfigure.web.client.MockRestServiceServerResetTestExecutionListener, org.springframework.boot.test.autoconfigure.web.servlet.MockMvcPrintOnlyOnFailureTestExecutionListener, org.springframework.boot.test.autoconfigure.web.servlet.WebDriverTestExecutionListener, org.springframework.test.context.web.ServletTestExecutionListener, org.springframework.test.context.support.DirtiesContextBeforeModesTestExecutionListener, org.springframework.test.context.support.DependencyInjectionTestExecutionListener, org.springframework.test.context.support.DirtiesContextTestExecutionListener, org.springframework.test.context.transaction.TransactionalTestExecutionListener, org.springframework.test.context.jdbc.SqlScriptsTestExecutionListener]
21:06:45.291 [main] INFO org.springframework.boot.test.context.SpringBootTestContextBootstrapper - Using TestExecutionListeners: [org.springframework.test.context.web.ServletTestExecutionListener@36c0d0bd, org.springframework.test.context.support.DirtiesContextBeforeModesTestExecutionListener@5e1fc2aa, org.springframework.boot.test.mock.mockito.MockitoTestExecutionListener@688d411b, org.springframework.boot.test.autoconfigure.SpringBootDependencyInjectionTestExecutionListener@382c90c2, org.springframework.test.context.support.DirtiesContextTestExecutionListener@859ea42, org.springframework.test.context.transaction.TransactionalTestExecutionListener@28737371, org.springframework.test.context.jdbc.SqlScriptsTestExecutionListener@2af46afd, org.springframework.boot.test.mock.mockito.ResetMocksTestExecutionListener@760245e1, org.springframework.boot.test.autoconfigure.restdocs.RestDocsTestExecutionListener@31ceba99, org.springframework.boot.test.autoconfigure.web.client.MockRestServiceServerResetTestExecutionListener@295bf2a, org.springframework.boot.test.autoconfigure.web.servlet.MockMvcPrintOnlyOnFailureTestExecutionListener@bbf9e07, org.springframework.boot.test.autoconfigure.web.servlet.WebDriverTestExecutionListener@6ff6efdc]
21:06:45.306 [main] DEBUG org.springframework.test.annotation.ProfileValueUtils - Retrieved @ProfileValueSourceConfiguration [null] for test class [com.projects.praticandoAPI.ComentarioApiAplicationTest]
21:06:45.309 [main] DEBUG org.springframework.test.annotation.ProfileValueUtils - Retrieved ProfileValueSource type [class org.springframework.test.annotation.SystemProfileValueSource] for class [com.projects.praticandoAPI.ComentarioApiAplicationTest]
21:06:45.365 [main] DEBUG org.springframework.test.context.junit4.SpringJUnit4ClassRunner - SpringJUnit4ClassRunner constructor called with [class com.projects.praticandoAPI.CursoRepositoryTest]
21:06:45.365 [main] DEBUG org.springframework.test.context.BootstrapUtils - Instantiating CacheAwareContextLoaderDelegate from class [org.springframework.test.context.cache.DefaultCacheAwareContextLoaderDelegate]
21:06:45.366 [main] DEBUG org.springframework.test.context.BootstrapUtils - Instantiating BootstrapContext using constructor [public org.springframework.test.context.support.DefaultBootstrapContext(java.lang.Class,org.springframework.test.context.CacheAwareContextLoaderDelegate)]
21:06:45.369 [main] DEBUG org.springframework.test.context.BootstrapUtils - Instantiating TestContextBootstrapper for test class [com.projects.praticandoAPI.CursoRepositoryTest] from class [org.springframework.boot.test.autoconfigure.orm.jpa.DataJpaTestContextBootstrapper]
21:06:45.371 [main] INFO org.springframework.boot.test.autoconfigure.orm.jpa.DataJpaTestContextBootstrapper - Neither @ContextConfiguration nor @ContextHierarchy found for test class [com.projects.praticandoAPI.CursoRepositoryTest], using SpringBootContextLoader
21:06:45.373 [main] DEBUG org.springframework.test.context.support.AbstractContextLoader - Did not detect default resource location for test class [com.projects.praticandoAPI.CursoRepositoryTest]: class path resource [com/projects/praticandoAPI/CursoRepositoryTest-context.xml] does not exist
21:06:45.373 [main] DEBUG org.springframework.test.context.support.AbstractContextLoader - Did not detect default resource location for test class [com.projects.praticandoAPI.CursoRepositoryTest]: class path resource [com/projects/praticandoAPI/CursoRepositoryTestContext.groovy] does not exist
21:06:45.373 [main] INFO org.springframework.test.context.support.AbstractContextLoader - Could not detect default resource locations for test class [com.projects.praticandoAPI.CursoRepositoryTest]: no resource found for suffixes {-context.xml, Context.groovy}.
21:06:45.374 [main] INFO org.springframework.test.context.support.AnnotationConfigContextLoaderUtils - Could not detect default configuration classes for test class [com.projects.praticandoAPI.CursoRepositoryTest]: CursoRepositoryTest does not declare any static, non-private, non-final, nested classes annotated with @Configuration.
21:06:45.422 [main] INFO org.springframework.boot.test.context.SpringBootTestContextBootstrapper - Found @SpringBootConfiguration com.projects.praticandoAPI.PraticandoApiApplication for test class com.projects.praticandoAPI.CursoRepositoryTest
21:06:45.424 [main] DEBUG org.springframework.boot.test.autoconfigure.orm.jpa.DataJpaTestContextBootstrapper - @TestExecutionListeners is not present for class [com.projects.praticandoAPI.CursoRepositoryTest]: using defaults.
21:06:45.424 [main] INFO org.springframework.boot.test.autoconfigure.orm.jpa.DataJpaTestContextBootstrapper - Loaded default TestExecutionListener class names from location [META-INF/spring.factories]: [org.springframework.boot.test.mock.mockito.MockitoTestExecutionListener, org.springframework.boot.test.mock.mockito.ResetMocksTestExecutionListener, org.springframework.boot.test.autoconfigure.restdocs.RestDocsTestExecutionListener, org.springframework.boot.test.autoconfigure.web.client.MockRestServiceServerResetTestExecutionListener, org.springframework.boot.test.autoconfigure.web.servlet.MockMvcPrintOnlyOnFailureTestExecutionListener, org.springframework.boot.test.autoconfigure.web.servlet.WebDriverTestExecutionListener, org.springframework.test.context.web.ServletTestExecutionListener, org.springframework.test.context.support.DirtiesContextBeforeModesTestExecutionListener, org.springframework.test.context.support.DependencyInjectionTestExecutionListener, org.springframework.test.context.support.DirtiesContextTestExecutionListener, org.springframework.test.context.transaction.TransactionalTestExecutionListener, org.springframework.test.context.jdbc.SqlScriptsTestExecutionListener]
21:06:45.425 [main] INFO org.springframework.boot.test.autoconfigure.orm.jpa.DataJpaTestContextBootstrapper - Using TestExecutionListeners: [org.springframework.test.context.web.ServletTestExecutionListener@741f8dbe, org.springframework.test.context.support.DirtiesContextBeforeModesTestExecutionListener@212dfd39, org.springframework.boot.test.mock.mockito.MockitoTestExecutionListener@a2ddf26, org.springframework.boot.test.autoconfigure.SpringBootDependencyInjectionTestExecutionListener@65d57e4e, org.springframework.test.context.support.DirtiesContextTestExecutionListener@6daf7d37, org.springframework.test.context.transaction.TransactionalTestExecutionListener@23a5818e, org.springframework.test.context.jdbc.SqlScriptsTestExecutionListener@4715ae33, org.springframework.boot.test.mock.mockito.ResetMocksTestExecutionListener@9fc9f91, org.springframework.boot.test.autoconfigure.restdocs.RestDocsTestExecutionListener@1fac1d5c, org.springframework.boot.test.autoconfigure.web.client.MockRestServiceServerResetTestExecutionListener@108a46d6, org.springframework.boot.test.autoconfigure.web.servlet.MockMvcPrintOnlyOnFailureTestExecutionListener@7a8406c2, org.springframework.boot.test.autoconfigure.web.servlet.WebDriverTestExecutionListener@17690e14]
21:06:45.426 [main] DEBUG org.springframework.test.annotation.ProfileValueUtils - Retrieved @ProfileValueSourceConfiguration [null] for test class [com.projects.praticandoAPI.CursoRepositoryTest]
21:06:45.427 [main] DEBUG org.springframework.test.annotation.ProfileValueUtils - Retrieved ProfileValueSource type [class org.springframework.test.annotation.SystemProfileValueSource] for class [com.projects.praticandoAPI.CursoRepositoryTest]
21:06:45.439 [main] DEBUG org.springframework.test.context.junit4.SpringJUnit4ClassRunner - SpringJUnit4ClassRunner constructor called with [class com.projects.praticandoAPI.PraticandoApiApplicationTests]
21:06:45.440 [main] DEBUG org.springframework.test.context.BootstrapUtils - Instantiating CacheAwareContextLoaderDelegate from class [org.springframework.test.context.cache.DefaultCacheAwareContextLoaderDelegate]
21:06:45.440 [main] DEBUG org.springframework.test.context.BootstrapUtils - Instantiating BootstrapContext using constructor [public org.springframework.test.context.support.DefaultBootstrapContext(java.lang.Class,org.springframework.test.context.CacheAwareContextLoaderDelegate)]
21:06:45.446 [main] DEBUG org.springframework.test.context.BootstrapUtils - Instantiating TestContextBootstrapper for test class [com.projects.praticandoAPI.PraticandoApiApplicationTests] from class [org.springframework.boot.test.autoconfigure.web.servlet.WebMvcTestContextBootstrapper]
21:06:45.448 [main] INFO org.springframework.boot.test.autoconfigure.web.servlet.WebMvcTestContextBootstrapper - Neither @ContextConfiguration nor @ContextHierarchy found for test class [com.projects.praticandoAPI.PraticandoApiApplicationTests], using SpringBootContextLoader
21:06:45.449 [main] DEBUG org.springframework.test.context.support.AbstractContextLoader - Did not detect default resource location for test class [com.projects.praticandoAPI.PraticandoApiApplicationTests]: class path resource [com/projects/praticandoAPI/PraticandoApiApplicationTests-context.xml] does not exist
21:06:45.450 [main] DEBUG org.springframework.test.context.support.AbstractContextLoader - Did not detect default resource location for test class [com.projects.praticandoAPI.PraticandoApiApplicationTests]: class path resource [com/projects/praticandoAPI/PraticandoApiApplicationTestsContext.groovy] does not exist
21:06:45.450 [main] INFO org.springframework.test.context.support.AbstractContextLoader - Could not detect default resource locations for test class [com.projects.praticandoAPI.PraticandoApiApplicationTests]: no resource found for suffixes {-context.xml, Context.groovy}.
21:06:45.450 [main] INFO org.springframework.test.context.support.AnnotationConfigContextLoaderUtils - Could not detect default configuration classes for test class [com.projects.praticandoAPI.PraticandoApiApplicationTests]: PraticandoApiApplicationTests does not declare any static, non-private, non-final, nested classes annotated with @Configuration.
21:06:45.484 [main] DEBUG org.springframework.test.context.support.ActiveProfilesUtils - Could not find an 'annotation declaring class' for annotation type [org.springframework.test.context.ActiveProfiles] and class [com.projects.praticandoAPI.PraticandoApiApplicationTests]
21:06:45.485 [main] INFO org.springframework.boot.test.context.SpringBootTestContextBootstrapper - Found @SpringBootConfiguration com.projects.praticandoAPI.PraticandoApiApplication for test class com.projects.praticandoAPI.PraticandoApiApplicationTests
21:06:45.486 [main] DEBUG org.springframework.boot.test.autoconfigure.web.servlet.WebMvcTestContextBootstrapper - @TestExecutionListeners is not present for class [com.projects.praticandoAPI.PraticandoApiApplicationTests]: using defaults.
21:06:45.487 [main] INFO org.springframework.boot.test.autoconfigure.web.servlet.WebMvcTestContextBootstrapper - Loaded default TestExecutionListener class names from location [META-INF/spring.factories]: [org.springframework.boot.test.mock.mockito.MockitoTestExecutionListener, org.springframework.boot.test.mock.mockito.ResetMocksTestExecutionListener, org.springframework.boot.test.autoconfigure.restdocs.RestDocsTestExecutionListener, org.springframework.boot.test.autoconfigure.web.client.MockRestServiceServerResetTestExecutionListener, org.springframework.boot.test.autoconfigure.web.servlet.MockMvcPrintOnlyOnFailureTestExecutionListener, org.springframework.boot.test.autoconfigure.web.servlet.WebDriverTestExecutionListener, org.springframework.test.context.web.ServletTestExecutionListener, org.springframework.test.context.support.DirtiesContextBeforeModesTestExecutionListener, org.springframework.test.context.support.DependencyInjectionTestExecutionListener, org.springframework.test.context.support.DirtiesContextTestExecutionListener, org.springframework.test.context.transaction.TransactionalTestExecutionListener, org.springframework.test.context.jdbc.SqlScriptsTestExecutionListener]
21:06:45.488 [main] INFO org.springframework.boot.test.autoconfigure.web.servlet.WebMvcTestContextBootstrapper - Using TestExecutionListeners: [org.springframework.test.context.web.ServletTestExecutionListener@14823f76, org.springframework.test.context.support.DirtiesContextBeforeModesTestExecutionListener@6917bb4, org.springframework.boot.test.mock.mockito.MockitoTestExecutionListener@6ed16657, org.springframework.boot.test.autoconfigure.SpringBootDependencyInjectionTestExecutionListener@1442f788, org.springframework.test.context.support.DirtiesContextTestExecutionListener@113e13f9, org.springframework.test.context.transaction.TransactionalTestExecutionListener@1c7f96b1, org.springframework.test.context.jdbc.SqlScriptsTestExecutionListener@7979b8b7, org.springframework.boot.test.mock.mockito.ResetMocksTestExecutionListener@7a04fea7, org.springframework.boot.test.autoconfigure.restdocs.RestDocsTestExecutionListener@1bc49bc5, org.springframework.boot.test.autoconfigure.web.client.MockRestServiceServerResetTestExecutionListener@7b6e5c12, org.springframework.boot.test.autoconfigure.web.servlet.MockMvcPrintOnlyOnFailureTestExecutionListener@4f66ffc8, org.springframework.boot.test.autoconfigure.web.servlet.WebDriverTestExecutionListener@124ac145]
21:06:45.489 [main] DEBUG org.springframework.test.annotation.ProfileValueUtils - Retrieved @ProfileValueSourceConfiguration [null] for test class [com.projects.praticandoAPI.PraticandoApiApplicationTests]
21:06:45.489 [main] DEBUG org.springframework.test.annotation.ProfileValueUtils - Retrieved ProfileValueSource type [class org.springframework.test.annotation.SystemProfileValueSource] for class [com.projects.praticandoAPI.PraticandoApiApplicationTests]
21:06:45.496 [main] DEBUG org.springframework.test.context.junit4.SpringJUnit4ClassRunner - SpringJUnit4ClassRunner constructor called with [class com.projects.praticandoAPI.UsuarioApiApplicationTests]
21:06:45.496 [main] DEBUG org.springframework.test.context.BootstrapUtils - Instantiating CacheAwareContextLoaderDelegate from class [org.springframework.test.context.cache.DefaultCacheAwareContextLoaderDelegate]
21:06:45.497 [main] DEBUG org.springframework.test.context.BootstrapUtils - Instantiating BootstrapContext using constructor [public org.springframework.test.context.support.DefaultBootstrapContext(java.lang.Class,org.springframework.test.context.CacheAwareContextLoaderDelegate)]
21:06:45.498 [main] DEBUG org.springframework.test.context.BootstrapUtils - Instantiating TestContextBootstrapper for test class [com.projects.praticandoAPI.UsuarioApiApplicationTests] from class [org.springframework.boot.test.context.SpringBootTestContextBootstrapper]
21:06:45.499 [main] INFO org.springframework.boot.test.context.SpringBootTestContextBootstrapper - Neither @ContextConfiguration nor @ContextHierarchy found for test class [com.projects.praticandoAPI.UsuarioApiApplicationTests], using SpringBootContextLoader
21:06:45.500 [main] DEBUG org.springframework.test.context.support.AbstractContextLoader - Did not detect default resource location for test class [com.projects.praticandoAPI.UsuarioApiApplicationTests]: class path resource [com/projects/praticandoAPI/UsuarioApiApplicationTests-context.xml] does not exist
21:06:45.501 [main] DEBUG org.springframework.test.context.support.AbstractContextLoader - Did not detect default resource location for test class [com.projects.praticandoAPI.UsuarioApiApplicationTests]: class path resource [com/projects/praticandoAPI/UsuarioApiApplicationTestsContext.groovy] does not exist
21:06:45.501 [main] INFO org.springframework.test.context.support.AbstractContextLoader - Could not detect default resource locations for test class [com.projects.praticandoAPI.UsuarioApiApplicationTests]: no resource found for suffixes {-context.xml, Context.groovy}.
21:06:45.502 [main] INFO org.springframework.test.context.support.AnnotationConfigContextLoaderUtils - Could not detect default configuration classes for test class [com.projects.praticandoAPI.UsuarioApiApplicationTests]: UsuarioApiApplicationTests does not declare any static, non-private, non-final, nested classes annotated with @Configuration.
21:06:45.508 [main] DEBUG org.springframework.test.context.support.ActiveProfilesUtils - Could not find an 'annotation declaring class' for annotation type [org.springframework.test.context.ActiveProfiles] and class [com.projects.praticandoAPI.UsuarioApiApplicationTests]
21:06:45.509 [main] INFO org.springframework.boot.test.context.SpringBootTestContextBootstrapper - Found @SpringBootConfiguration com.projects.praticandoAPI.PraticandoApiApplication for test class com.projects.praticandoAPI.UsuarioApiApplicationTests
21:06:45.513 [main] DEBUG org.springframework.boot.test.context.SpringBootTestContextBootstrapper - @TestExecutionListeners is not present for class [com.projects.praticandoAPI.UsuarioApiApplicationTests]: using defaults.
21:06:45.513 [main] INFO org.springframework.boot.test.context.SpringBootTestContextBootstrapper - Loaded default TestExecutionListener class names from location [META-INF/spring.factories]: [org.springframework.boot.test.mock.mockito.MockitoTestExecutionListener, org.springframework.boot.test.mock.mockito.ResetMocksTestExecutionListener, org.springframework.boot.test.autoconfigure.restdocs.RestDocsTestExecutionListener, org.springframework.boot.test.autoconfigure.web.client.MockRestServiceServerResetTestExecutionListener, org.springframework.boot.test.autoconfigure.web.servlet.MockMvcPrintOnlyOnFailureTestExecutionListener, org.springframework.boot.test.autoconfigure.web.servlet.WebDriverTestExecutionListener, org.springframework.test.context.web.ServletTestExecutionListener, org.springframework.test.context.support.DirtiesContextBeforeModesTestExecutionListener, org.springframework.test.context.support.DependencyInjectionTestExecutionListener, org.springframework.test.context.support.DirtiesContextTestExecutionListener, org.springframework.test.context.transaction.TransactionalTestExecutionListener, org.springframework.test.context.jdbc.SqlScriptsTestExecutionListener]
21:06:45.514 [main] INFO org.springframework.boot.test.context.SpringBootTestContextBootstrapper - Using TestExecutionListeners: [org.springframework.test.context.web.ServletTestExecutionListener@397ef2, org.springframework.test.context.support.DirtiesContextBeforeModesTestExecutionListener@36a6bea6, org.springframework.boot.test.mock.mockito.MockitoTestExecutionListener@44e93c1f, org.springframework.boot.test.autoconfigure.SpringBootDependencyInjectionTestExecutionListener@42373389, org.springframework.test.context.support.DirtiesContextTestExecutionListener@9b21bd3, org.springframework.test.context.transaction.TransactionalTestExecutionListener@a62c7cd, org.springframework.test.context.jdbc.SqlScriptsTestExecutionListener@7661b5a, org.springframework.boot.test.mock.mockito.ResetMocksTestExecutionListener@7c36db44, org.springframework.boot.test.autoconfigure.restdocs.RestDocsTestExecutionListener@65c33b92, org.springframework.boot.test.autoconfigure.web.client.MockRestServiceServerResetTestExecutionListener@7903d448, org.springframework.boot.test.autoconfigure.web.servlet.MockMvcPrintOnlyOnFailureTestExecutionListener@4e08acf9, org.springframework.boot.test.autoconfigure.web.servlet.WebDriverTestExecutionListener@42ea287]
21:06:45.515 [main] DEBUG org.springframework.test.annotation.ProfileValueUtils - Retrieved @ProfileValueSourceConfiguration [null] for test class [com.projects.praticandoAPI.UsuarioApiApplicationTests]
21:06:45.515 [main] DEBUG org.springframework.test.annotation.ProfileValueUtils - Retrieved ProfileValueSource type [class org.springframework.test.annotation.SystemProfileValueSource] for class [com.projects.praticandoAPI.UsuarioApiApplicationTests]
21:06:45.547 [main] DEBUG org.springframework.test.context.junit4.SpringJUnit4ClassRunner - SpringJUnit4ClassRunner constructor called with [class com.projects.praticandoAPI.ComentarioApiAplicationTest]
21:06:45.547 [main] DEBUG org.springframework.test.context.BootstrapUtils - Instantiating CacheAwareContextLoaderDelegate from class [org.springframework.test.context.cache.DefaultCacheAwareContextLoaderDelegate]
21:06:45.547 [main] DEBUG org.springframework.test.context.BootstrapUtils - Instantiating BootstrapContext using constructor [public org.springframework.test.context.support.DefaultBootstrapContext(java.lang.Class,org.springframework.test.context.CacheAwareContextLoaderDelegate)]
21:06:45.548 [main] DEBUG org.springframework.test.context.BootstrapUtils - Instantiating TestContextBootstrapper for test class [com.projects.praticandoAPI.ComentarioApiAplicationTest] from class [org.springframework.boot.test.context.SpringBootTestContextBootstrapper]
21:06:45.549 [main] INFO org.springframework.boot.test.context.SpringBootTestContextBootstrapper - Neither @ContextConfiguration nor @ContextHierarchy found for test class [com.projects.praticandoAPI.ComentarioApiAplicationTest], using SpringBootContextLoader
21:06:45.549 [main] DEBUG org.springframework.test.context.support.AbstractContextLoader - Did not detect default resource location for test class [com.projects.praticandoAPI.ComentarioApiAplicationTest]: class path resource [com/projects/praticandoAPI/ComentarioApiAplicationTest-context.xml] does not exist
21:06:45.550 [main] DEBUG org.springframework.test.context.support.AbstractContextLoader - Did not detect default resource location for test class [com.projects.praticandoAPI.ComentarioApiAplicationTest]: class path resource [com/projects/praticandoAPI/ComentarioApiAplicationTestContext.groovy] does not exist
21:06:45.550 [main] INFO org.springframework.test.context.support.AbstractContextLoader - Could not detect default resource locations for test class [com.projects.praticandoAPI.ComentarioApiAplicationTest]: no resource found for suffixes {-context.xml, Context.groovy}.
21:06:45.550 [main] INFO org.springframework.test.context.support.AnnotationConfigContextLoaderUtils - Could not detect default configuration classes for test class [com.projects.praticandoAPI.ComentarioApiAplicationTest]: ComentarioApiAplicationTest does not declare any static, non-private, non-final, nested classes annotated with @Configuration.
21:06:45.556 [main] DEBUG org.springframework.test.context.support.ActiveProfilesUtils - Could not find an 'annotation declaring class' for annotation type [org.springframework.test.context.ActiveProfiles] and class [com.projects.praticandoAPI.ComentarioApiAplicationTest]
21:06:45.557 [main] INFO org.springframework.boot.test.context.SpringBootTestContextBootstrapper - Found @SpringBootConfiguration com.projects.praticandoAPI.PraticandoApiApplication for test class com.projects.praticandoAPI.ComentarioApiAplicationTest
21:06:45.560 [main] DEBUG org.springframework.boot.test.context.SpringBootTestContextBootstrapper - @TestExecutionListeners is not present for class [com.projects.praticandoAPI.ComentarioApiAplicationTest]: using defaults.
21:06:45.560 [main] INFO org.springframework.boot.test.context.SpringBootTestContextBootstrapper - Loaded default TestExecutionListener class names from location [META-INF/spring.factories]: [org.springframework.boot.test.mock.mockito.MockitoTestExecutionListener, org.springframework.boot.test.mock.mockito.ResetMocksTestExecutionListener, org.springframework.boot.test.autoconfigure.restdocs.RestDocsTestExecutionListener, org.springframework.boot.test.autoconfigure.web.client.MockRestServiceServerResetTestExecutionListener, org.springframework.boot.test.autoconfigure.web.servlet.MockMvcPrintOnlyOnFailureTestExecutionListener, org.springframework.boot.test.autoconfigure.web.servlet.WebDriverTestExecutionListener, org.springframework.test.context.web.ServletTestExecutionListener, org.springframework.test.context.support.DirtiesContextBeforeModesTestExecutionListener, org.springframework.test.context.support.DependencyInjectionTestExecutionListener, org.springframework.test.context.support.DirtiesContextTestExecutionListener, org.springframework.test.context.transaction.TransactionalTestExecutionListener, org.springframework.test.context.jdbc.SqlScriptsTestExecutionListener]
21:06:45.561 [main] INFO org.springframework.boot.test.context.SpringBootTestContextBootstrapper - Using TestExecutionListeners: [org.springframework.test.context.web.ServletTestExecutionListener@5292ceca, org.springframework.test.context.support.DirtiesContextBeforeModesTestExecutionListener@13d9261f, org.springframework.boot.test.mock.mockito.MockitoTestExecutionListener@e9ef5b6, org.springframework.boot.test.autoconfigure.SpringBootDependencyInjectionTestExecutionListener@5300cac, org.springframework.test.context.support.DirtiesContextTestExecutionListener@4110765e, org.springframework.test.context.transaction.TransactionalTestExecutionListener@1ba359bd, org.springframework.test.context.jdbc.SqlScriptsTestExecutionListener@62e93c3a, org.springframework.boot.test.mock.mockito.ResetMocksTestExecutionListener@673919a7, org.springframework.boot.test.autoconfigure.restdocs.RestDocsTestExecutionListener@25d93198, org.springframework.boot.test.autoconfigure.web.client.MockRestServiceServerResetTestExecutionListener@2436ea2f, org.springframework.boot.test.autoconfigure.web.servlet.MockMvcPrintOnlyOnFailureTestExecutionListener@f951a7f, org.springframework.boot.test.autoconfigure.web.servlet.WebDriverTestExecutionListener@20cece0b]
21:06:45.562 [main] DEBUG org.springframework.test.annotation.ProfileValueUtils - Retrieved @ProfileValueSourceConfiguration [null] for test class [com.projects.praticandoAPI.ComentarioApiAplicationTest]
21:06:45.562 [main] DEBUG org.springframework.test.annotation.ProfileValueUtils - Retrieved ProfileValueSource type [class org.springframework.test.annotation.SystemProfileValueSource] for class [com.projects.praticandoAPI.ComentarioApiAplicationTest]
21:06:45.564 [main] DEBUG org.springframework.test.context.junit4.SpringJUnit4ClassRunner - SpringJUnit4ClassRunner constructor called with [class com.projects.praticandoAPI.CursoRepositoryTest]
21:06:45.564 [main] DEBUG org.springframework.test.context.BootstrapUtils - Instantiating CacheAwareContextLoaderDelegate from class [org.springframework.test.context.cache.DefaultCacheAwareContextLoaderDelegate]
21:06:45.564 [main] DEBUG org.springframework.test.context.BootstrapUtils - Instantiating BootstrapContext using constructor [public org.springframework.test.context.support.DefaultBootstrapContext(java.lang.Class,org.springframework.test.context.CacheAwareContextLoaderDelegate)]
21:06:45.565 [main] DEBUG org.springframework.test.context.BootstrapUtils - Instantiating TestContextBootstrapper for test class [com.projects.praticandoAPI.CursoRepositoryTest] from class [org.springframework.boot.test.autoconfigure.orm.jpa.DataJpaTestContextBootstrapper]
21:06:45.565 [main] INFO org.springframework.boot.test.autoconfigure.orm.jpa.DataJpaTestContextBootstrapper - Neither @ContextConfiguration nor @ContextHierarchy found for test class [com.projects.praticandoAPI.CursoRepositoryTest], using SpringBootContextLoader
21:06:45.566 [main] DEBUG org.springframework.test.context.support.AbstractContextLoader - Did not detect default resource location for test class [com.projects.praticandoAPI.CursoRepositoryTest]: class path resource [com/projects/praticandoAPI/CursoRepositoryTest-context.xml] does not exist
21:06:45.567 [main] DEBUG org.springframework.test.context.support.AbstractContextLoader - Did not detect default resource location for test class [com.projects.praticandoAPI.CursoRepositoryTest]: class path resource [com/projects/praticandoAPI/CursoRepositoryTestContext.groovy] does not exist
21:06:45.567 [main] INFO org.springframework.test.context.support.AbstractContextLoader - Could not detect default resource locations for test class [com.projects.praticandoAPI.CursoRepositoryTest]: no resource found for suffixes {-context.xml, Context.groovy}.
21:06:45.567 [main] INFO org.springframework.test.context.support.AnnotationConfigContextLoaderUtils - Could not detect default configuration classes for test class [com.projects.praticandoAPI.CursoRepositoryTest]: CursoRepositoryTest does not declare any static, non-private, non-final, nested classes annotated with @Configuration.
21:06:45.579 [main] INFO org.springframework.boot.test.context.SpringBootTestContextBootstrapper - Found @SpringBootConfiguration com.projects.praticandoAPI.PraticandoApiApplication for test class com.projects.praticandoAPI.CursoRepositoryTest
21:06:45.580 [main] DEBUG org.springframework.boot.test.autoconfigure.orm.jpa.DataJpaTestContextBootstrapper - @TestExecutionListeners is not present for class [com.projects.praticandoAPI.CursoRepositoryTest]: using defaults.
21:06:45.580 [main] INFO org.springframework.boot.test.autoconfigure.orm.jpa.DataJpaTestContextBootstrapper - Loaded default TestExecutionListener class names from location [META-INF/spring.factories]: [org.springframework.boot.test.mock.mockito.MockitoTestExecutionListener, org.springframework.boot.test.mock.mockito.ResetMocksTestExecutionListener, org.springframework.boot.test.autoconfigure.restdocs.RestDocsTestExecutionListener, org.springframework.boot.test.autoconfigure.web.client.MockRestServiceServerResetTestExecutionListener, org.springframework.boot.test.autoconfigure.web.servlet.MockMvcPrintOnlyOnFailureTestExecutionListener, org.springframework.boot.test.autoconfigure.web.servlet.WebDriverTestExecutionListener, org.springframework.test.context.web.ServletTestExecutionListener, org.springframework.test.context.support.DirtiesContextBeforeModesTestExecutionListener, org.springframework.test.context.support.DependencyInjectionTestExecutionListener, org.springframework.test.context.support.DirtiesContextTestExecutionListener, org.springframework.test.context.transaction.TransactionalTestExecutionListener, org.springframework.test.context.jdbc.SqlScriptsTestExecutionListener]
21:06:45.581 [main] INFO org.springframework.boot.test.autoconfigure.orm.jpa.DataJpaTestContextBootstrapper - Using TestExecutionListeners: [org.springframework.test.context.web.ServletTestExecutionListener@59f93db8, org.springframework.test.context.support.DirtiesContextBeforeModesTestExecutionListener@1aabf50d, org.springframework.boot.test.mock.mockito.MockitoTestExecutionListener@73c9e8e8, org.springframework.boot.test.autoconfigure.SpringBootDependencyInjectionTestExecutionListener@de8039f, org.springframework.test.context.support.DirtiesContextTestExecutionListener@1deceb67, org.springframework.test.context.transaction.TransactionalTestExecutionListener@582a764a, org.springframework.test.context.jdbc.SqlScriptsTestExecutionListener@64984b0f, org.springframework.boot.test.mock.mockito.ResetMocksTestExecutionListener@292158f8, org.springframework.boot.test.autoconfigure.restdocs.RestDocsTestExecutionListener@53ec2968, org.springframework.boot.test.autoconfigure.web.client.MockRestServiceServerResetTestExecutionListener@58ff8d79, org.springframework.boot.test.autoconfigure.web.servlet.MockMvcPrintOnlyOnFailureTestExecutionListener@7e19755a, org.springframework.boot.test.autoconfigure.web.servlet.WebDriverTestExecutionListener@5d5c04f9]
21:06:45.581 [main] DEBUG org.springframework.test.annotation.ProfileValueUtils - Retrieved @ProfileValueSourceConfiguration [null] for test class [com.projects.praticandoAPI.CursoRepositoryTest]
21:06:45.581 [main] DEBUG org.springframework.test.annotation.ProfileValueUtils - Retrieved ProfileValueSource type [class org.springframework.test.annotation.SystemProfileValueSource] for class [com.projects.praticandoAPI.CursoRepositoryTest]
21:06:45.583 [main] DEBUG org.springframework.test.context.junit4.SpringJUnit4ClassRunner - SpringJUnit4ClassRunner constructor called with [class com.projects.praticandoAPI.PraticandoApiApplicationTests]
21:06:45.584 [main] DEBUG org.springframework.test.context.BootstrapUtils - Instantiating CacheAwareContextLoaderDelegate from class [org.springframework.test.context.cache.DefaultCacheAwareContextLoaderDelegate]
21:06:45.584 [main] DEBUG org.springframework.test.context.BootstrapUtils - Instantiating BootstrapContext using constructor [public org.springframework.test.context.support.DefaultBootstrapContext(java.lang.Class,org.springframework.test.context.CacheAwareContextLoaderDelegate)]
21:06:45.584 [main] DEBUG org.springframework.test.context.BootstrapUtils - Instantiating TestContextBootstrapper for test class [com.projects.praticandoAPI.PraticandoApiApplicationTests] from class [org.springframework.boot.test.autoconfigure.web.servlet.WebMvcTestContextBootstrapper]
21:06:45.585 [main] INFO org.springframework.boot.test.autoconfigure.web.servlet.WebMvcTestContextBootstrapper - Neither @ContextConfiguration nor @ContextHierarchy found for test class [com.projects.praticandoAPI.PraticandoApiApplicationTests], using SpringBootContextLoader
21:06:45.586 [main] DEBUG org.springframework.test.context.support.AbstractContextLoader - Did not detect default resource location for test class [com.projects.praticandoAPI.PraticandoApiApplicationTests]: class path resource [com/projects/praticandoAPI/PraticandoApiApplicationTests-context.xml] does not exist
21:06:45.586 [main] DEBUG org.springframework.test.context.support.AbstractContextLoader - Did not detect default resource location for test class [com.projects.praticandoAPI.PraticandoApiApplicationTests]: class path resource [com/projects/praticandoAPI/PraticandoApiApplicationTestsContext.groovy] does not exist
21:06:45.586 [main] INFO org.springframework.test.context.support.AbstractContextLoader - Could not detect default resource locations for test class [com.projects.praticandoAPI.PraticandoApiApplicationTests]: no resource found for suffixes {-context.xml, Context.groovy}.
21:06:45.586 [main] INFO org.springframework.test.context.support.AnnotationConfigContextLoaderUtils - Could not detect default configuration classes for test class [com.projects.praticandoAPI.PraticandoApiApplicationTests]: PraticandoApiApplicationTests does not declare any static, non-private, non-final, nested classes annotated with @Configuration.
21:06:45.594 [main] DEBUG org.springframework.test.context.support.ActiveProfilesUtils - Could not find an 'annotation declaring class' for annotation type [org.springframework.test.context.ActiveProfiles] and class [com.projects.praticandoAPI.PraticandoApiApplicationTests]
21:06:45.595 [main] INFO org.springframework.boot.test.context.SpringBootTestContextBootstrapper - Found @SpringBootConfiguration com.projects.praticandoAPI.PraticandoApiApplication for test class com.projects.praticandoAPI.PraticandoApiApplicationTests
21:06:45.596 [main] DEBUG org.springframework.boot.test.autoconfigure.web.servlet.WebMvcTestContextBootstrapper - @TestExecutionListeners is not present for class [com.projects.praticandoAPI.PraticandoApiApplicationTests]: using defaults.
21:06:45.596 [main] INFO org.springframework.boot.test.autoconfigure.web.servlet.WebMvcTestContextBootstrapper - Loaded default TestExecutionListener class names from location [META-INF/spring.factories]: [org.springframework.boot.test.mock.mockito.MockitoTestExecutionListener, org.springframework.boot.test.mock.mockito.ResetMocksTestExecutionListener, org.springframework.boot.test.autoconfigure.restdocs.RestDocsTestExecutionListener, org.springframework.boot.test.autoconfigure.web.client.MockRestServiceServerResetTestExecutionListener, org.springframework.boot.test.autoconfigure.web.servlet.MockMvcPrintOnlyOnFailureTestExecutionListener, org.springframework.boot.test.autoconfigure.web.servlet.WebDriverTestExecutionListener, org.springframework.test.context.web.ServletTestExecutionListener, org.springframework.test.context.support.DirtiesContextBeforeModesTestExecutionListener, org.springframework.test.context.support.DependencyInjectionTestExecutionListener, org.springframework.test.context.support.DirtiesContextTestExecutionListener, org.springframework.test.context.transaction.TransactionalTestExecutionListener, org.springframework.test.context.jdbc.SqlScriptsTestExecutionListener]
21:06:45.596 [main] INFO org.springframework.boot.test.autoconfigure.web.servlet.WebMvcTestContextBootstrapper - Using TestExecutionListeners: [org.springframework.test.context.web.ServletTestExecutionListener@4b790d86, org.springframework.test.context.support.DirtiesContextBeforeModesTestExecutionListener@7e7f0216, org.springframework.boot.test.mock.mockito.MockitoTestExecutionListener@4339baec, org.springframework.boot.test.autoconfigure.SpringBootDependencyInjectionTestExecutionListener@62db3891, org.springframework.test.context.support.DirtiesContextTestExecutionListener@61cd1c71, org.springframework.test.context.transaction.TransactionalTestExecutionListener@6724cdec, org.springframework.test.context.jdbc.SqlScriptsTestExecutionListener@6944e53e, org.springframework.boot.test.mock.mockito.ResetMocksTestExecutionListener@52e04737, org.springframework.boot.test.autoconfigure.restdocs.RestDocsTestExecutionListener@5bc7e78e, org.springframework.boot.test.autoconfigure.web.client.MockRestServiceServerResetTestExecutionListener@1a4d1ab7, org.springframework.boot.test.autoconfigure.web.servlet.MockMvcPrintOnlyOnFailureTestExecutionListener@546e61d5, org.springframework.boot.test.autoconfigure.web.servlet.WebDriverTestExecutionListener@4674d90]
21:06:45.597 [main] DEBUG org.springframework.test.annotation.ProfileValueUtils - Retrieved @ProfileValueSourceConfiguration [null] for test class [com.projects.praticandoAPI.PraticandoApiApplicationTests]
21:06:45.597 [main] DEBUG org.springframework.test.annotation.ProfileValueUtils - Retrieved ProfileValueSource type [class org.springframework.test.annotation.SystemProfileValueSource] for class [com.projects.praticandoAPI.PraticandoApiApplicationTests]
21:06:45.598 [main] DEBUG org.springframework.test.context.junit4.SpringJUnit4ClassRunner - SpringJUnit4ClassRunner constructor called with [class com.projects.praticandoAPI.UsuarioApiApplicationTests]
21:06:45.598 [main] DEBUG org.springframework.test.context.BootstrapUtils - Instantiating CacheAwareContextLoaderDelegate from class [org.springframework.test.context.cache.DefaultCacheAwareContextLoaderDelegate]
21:06:45.599 [main] DEBUG org.springframework.test.context.BootstrapUtils - Instantiating BootstrapContext using constructor [public org.springframework.test.context.support.DefaultBootstrapContext(java.lang.Class,org.springframework.test.context.CacheAwareContextLoaderDelegate)]
21:06:45.599 [main] DEBUG org.springframework.test.context.BootstrapUtils - Instantiating TestContextBootstrapper for test class [com.projects.praticandoAPI.UsuarioApiApplicationTests] from class [org.springframework.boot.test.context.SpringBootTestContextBootstrapper]
21:06:45.599 [main] INFO org.springframework.boot.test.context.SpringBootTestContextBootstrapper - Neither @ContextConfiguration nor @ContextHierarchy found for test class [com.projects.praticandoAPI.UsuarioApiApplicationTests], using SpringBootContextLoader
21:06:45.600 [main] DEBUG org.springframework.test.context.support.AbstractContextLoader - Did not detect default resource location for test class [com.projects.praticandoAPI.UsuarioApiApplicationTests]: class path resource [com/projects/praticandoAPI/UsuarioApiApplicationTests-context.xml] does not exist
21:06:45.601 [main] DEBUG org.springframework.test.context.support.AbstractContextLoader - Did not detect default resource location for test class [com.projects.praticandoAPI.UsuarioApiApplicationTests]: class path resource [com/projects/praticandoAPI/UsuarioApiApplicationTestsContext.groovy] does not exist
21:06:45.601 [main] INFO org.springframework.test.context.support.AbstractContextLoader - Could not detect default resource locations for test class [com.projects.praticandoAPI.UsuarioApiApplicationTests]: no resource found for suffixes {-context.xml, Context.groovy}.
21:06:45.602 [main] INFO org.springframework.test.context.support.AnnotationConfigContextLoaderUtils - Could not detect default configuration classes for test class [com.projects.praticandoAPI.UsuarioApiApplicationTests]: UsuarioApiApplicationTests does not declare any static, non-private, non-final, nested classes annotated with @Configuration.
21:06:45.607 [main] DEBUG org.springframework.test.context.support.ActiveProfilesUtils - Could not find an 'annotation declaring class' for annotation type [org.springframework.test.context.ActiveProfiles] and class [com.projects.praticandoAPI.UsuarioApiApplicationTests]
21:06:45.608 [main] INFO org.springframework.boot.test.context.SpringBootTestContextBootstrapper - Found @SpringBootConfiguration com.projects.praticandoAPI.PraticandoApiApplication for test class com.projects.praticandoAPI.UsuarioApiApplicationTests
21:06:45.612 [main] DEBUG org.springframework.boot.test.context.SpringBootTestContextBootstrapper - @TestExecutionListeners is not present for class [com.projects.praticandoAPI.UsuarioApiApplicationTests]: using defaults.
21:06:45.612 [main] INFO org.springframework.boot.test.context.SpringBootTestContextBootstrapper - Loaded default TestExecutionListener class names from location [META-INF/spring.factories]: [org.springframework.boot.test.mock.mockito.MockitoTestExecutionListener, org.springframework.boot.test.mock.mockito.ResetMocksTestExecutionListener, org.springframework.boot.test.autoconfigure.restdocs.RestDocsTestExecutionListener, org.springframework.boot.test.autoconfigure.web.client.MockRestServiceServerResetTestExecutionListener, org.springframework.boot.test.autoconfigure.web.servlet.MockMvcPrintOnlyOnFailureTestExecutionListener, org.springframework.boot.test.autoconfigure.web.servlet.WebDriverTestExecutionListener, org.springframework.test.context.web.ServletTestExecutionListener, org.springframework.test.context.support.DirtiesContextBeforeModesTestExecutionListener, org.springframework.test.context.support.DependencyInjectionTestExecutionListener, org.springframework.test.context.support.DirtiesContextTestExecutionListener, org.springframework.test.context.transaction.TransactionalTestExecutionListener, org.springframework.test.context.jdbc.SqlScriptsTestExecutionListener]
21:06:45.613 [main] INFO org.springframework.boot.test.context.SpringBootTestContextBootstrapper - Using TestExecutionListeners: [org.springframework.test.context.web.ServletTestExecutionListener@78d6447a, org.springframework.test.context.support.DirtiesContextBeforeModesTestExecutionListener@7a729f84, org.springframework.boot.test.mock.mockito.MockitoTestExecutionListener@1e469dfd, org.springframework.boot.test.autoconfigure.SpringBootDependencyInjectionTestExecutionListener@554f0dfb, org.springframework.test.context.support.DirtiesContextTestExecutionListener@1f7076bc, org.springframework.test.context.transaction.TransactionalTestExecutionListener@71904469, org.springframework.test.context.jdbc.SqlScriptsTestExecutionListener@5b9396d3, org.springframework.boot.test.mock.mockito.ResetMocksTestExecutionListener@761e788f, org.springframework.boot.test.autoconfigure.restdocs.RestDocsTestExecutionListener@6a472566, org.springframework.boot.test.autoconfigure.web.client.MockRestServiceServerResetTestExecutionListener@1907874b, org.springframework.boot.test.autoconfigure.web.servlet.MockMvcPrintOnlyOnFailureTestExecutionListener@5e65afb6, org.springframework.boot.test.autoconfigure.web.servlet.WebDriverTestExecutionListener@5b3a7ef5]
21:06:45.613 [main] DEBUG org.springframework.test.annotation.ProfileValueUtils - Retrieved @ProfileValueSourceConfiguration [null] for test class [com.projects.praticandoAPI.UsuarioApiApplicationTests]
21:06:45.613 [main] DEBUG org.springframework.test.annotation.ProfileValueUtils - Retrieved ProfileValueSource type [class org.springframework.test.annotation.SystemProfileValueSource] for class [com.projects.praticandoAPI.UsuarioApiApplicationTests]
21:06:45.771 [main] DEBUG org.springframework.test.annotation.ProfileValueUtils - Retrieved @ProfileValueSourceConfiguration [null] for test class [com.projects.praticandoAPI.ComentarioApiAplicationTest]
21:06:45.772 [main] DEBUG org.springframework.test.annotation.ProfileValueUtils - Retrieved ProfileValueSource type [class org.springframework.test.annotation.SystemProfileValueSource] for class [com.projects.praticandoAPI.ComentarioApiAplicationTest]
21:06:45.780 [main] DEBUG org.springframework.test.annotation.ProfileValueUtils - Retrieved @ProfileValueSourceConfiguration [null] for test class [com.projects.praticandoAPI.ComentarioApiAplicationTest]
21:06:45.780 [main] DEBUG org.springframework.test.annotation.ProfileValueUtils - Retrieved ProfileValueSource type [class org.springframework.test.annotation.SystemProfileValueSource] for class [com.projects.praticandoAPI.ComentarioApiAplicationTest]
21:06:45.781 [main] DEBUG org.springframework.test.annotation.ProfileValueUtils - Retrieved @ProfileValueSourceConfiguration [null] for test class [com.projects.praticandoAPI.ComentarioApiAplicationTest]
21:06:45.781 [main] DEBUG org.springframework.test.annotation.ProfileValueUtils - Retrieved ProfileValueSource type [class org.springframework.test.annotation.SystemProfileValueSource] for class [com.projects.praticandoAPI.ComentarioApiAplicationTest]
21:06:45.791 [main] DEBUG org.springframework.test.context.support.AbstractDirtiesContextTestExecutionListener - Before test class: context [DefaultTestContext@1b1c538d testClass = ComentarioApiAplicationTest, testInstance = [null], testMethod = [null], testException = [null], mergedContextConfiguration = [WebMergedContextConfiguration@1645f294 testClass = ComentarioApiAplicationTest, locations = '{}', classes = '{class com.projects.praticandoAPI.PraticandoApiApplication}', contextInitializerClasses = '[]', activeProfiles = '{}', propertySourceLocations = '{}', propertySourceProperties = '{org.springframework.boot.test.context.SpringBootTestContextBootstrapper=true}', contextCustomizers = set[[ImportsContextCustomizer@6325f352 key = [org.springframework.boot.test.autoconfigure.web.servlet.MockMvcAutoConfiguration, org.springframework.boot.test.autoconfigure.web.servlet.MockMvcSecurityAutoConfiguration, org.springframework.boot.test.autoconfigure.web.servlet.MockMvcWebClientAutoConfiguration, org.springframework.boot.test.autoconfigure.web.servlet.MockMvcWebDriverAutoConfiguration]], org.springframework.boot.test.context.filter.ExcludeFilterContextCustomizer@60297f36, org.springframework.boot.test.json.DuplicateJsonObjectContextCustomizerFactory$DuplicateJsonObjectContextCustomizer@74cf8b28, org.springframework.boot.test.mock.mockito.MockitoContextCustomizer@0, org.springframework.boot.test.web.client.TestRestTemplateContextCustomizer@46b695ec, org.springframework.boot.test.autoconfigure.properties.PropertyMappingContextCustomizer@e7e8512, org.springframework.boot.test.autoconfigure.web.servlet.WebDriverContextCustomizerFactory$Customizer@1654a892], resourceBasePath = 'src/main/webapp', contextLoader = 'org.springframework.boot.test.context.SpringBootContextLoader', parent = [null]], attributes = map['org.springframework.test.context.web.ServletTestExecutionListener.activateListener' -> true]], class annotated with @DirtiesContext [false] with mode [null].
21:06:45.792 [main] DEBUG org.springframework.test.annotation.ProfileValueUtils - Retrieved @ProfileValueSourceConfiguration [null] for test class [com.projects.praticandoAPI.ComentarioApiAplicationTest]
21:06:45.792 [main] DEBUG org.springframework.test.annotation.ProfileValueUtils - Retrieved ProfileValueSource type [class org.springframework.test.annotation.SystemProfileValueSource] for class [com.projects.praticandoAPI.ComentarioApiAplicationTest]
21:06:45.858 [main] DEBUG org.springframework.test.context.support.TestPropertySourceUtils - Adding inlined properties to environment: {spring.jmx.enabled=false, org.springframework.boot.test.context.SpringBootTestContextBootstrapper=true, server.port=-1}

  .   ____          _            __ _ _
 /\\ / ___'_ __ _ _(_)_ __  __ _ \ \ \ \
( ( )\___ | '_ | '_| | '_ \/ _` | \ \ \ \
 \\/  ___)| |_)| | | | | || (_| |  ) ) ) )
  '  |____| .__|_| |_|_| |_\__, | / / / /
 =========|_|==============|___/=/_/_/_/
 :: Spring Boot ::  (v2.1.14.BUILD-SNAPSHOT)

2023-12-02 21:06:47.036  INFO 10888 --- [           main] c.p.p.ComentarioApiAplicationTest        : Starting ComentarioApiAplicationTest on DESKTOP-4BFGEQ0 with PID 10888 (started by gabri in C:\Users\gabri\Downloads\API-Cursos-clean-architecture-DevOps-QA-java-main)
2023-12-02 21:06:47.039  INFO 10888 --- [           main] c.p.p.ComentarioApiAplicationTest        : No active profile set, falling back to default profiles: default
2023-12-02 21:06:49.793  INFO 10888 --- [           main] .s.d.r.c.RepositoryConfigurationDelegate : Bootstrapping Spring Data JPA repositories in DEFAULT mode.
2023-12-02 21:06:50.029  INFO 10888 --- [           main] .s.d.r.c.RepositoryConfigurationDelegate : Finished Spring Data repository scanning in 207ms. Found 4 JPA repository interfaces.
2023-12-02 21:06:52.008  INFO 10888 --- [           main] com.zaxxer.hikari.HikariDataSource       : HikariPool-1 - Starting...
2023-12-02 21:06:52.924  INFO 10888 --- [           main] com.zaxxer.hikari.HikariDataSource       : HikariPool-1 - Start completed.
2023-12-02 21:06:53.109  INFO 10888 --- [           main] o.hibernate.jpa.internal.util.LogHelper  : HHH000204: Processing PersistenceUnitInfo [
	name: default
	...]
2023-12-02 21:06:53.355  INFO 10888 --- [           main] org.hibernate.Version                    : HHH000412: Hibernate Core {5.3.17.Final}
2023-12-02 21:06:53.359  INFO 10888 --- [           main] org.hibernate.cfg.Environment            : HHH000206: hibernate.properties not found
2023-12-02 21:06:53.828  INFO 10888 --- [           main] o.hibernate.annotations.common.Version   : HCANN000001: Hibernate Commons Annotations {5.0.4.Final}
2023-12-02 21:06:54.340  INFO 10888 --- [           main] org.hibernate.dialect.Dialect            : HHH000400: Using dialect: org.hibernate.dialect.H2Dialect
2023-12-02 21:06:56.708  INFO 10888 --- [           main] j.LocalContainerEntityManagerFactoryBean : Initialized JPA EntityManagerFactory for persistence unit 'default'
2023-12-02 21:06:58.711  WARN 10888 --- [           main] aWebConfiguration$JpaWebMvcConfiguration : spring.jpa.open-in-view is enabled by default. Therefore, database queries may be performed during view rendering. Explicitly configure spring.jpa.open-in-view to disable this warning
2023-12-02 21:06:59.373  INFO 10888 --- [           main] pertySourcedRequestMappingHandlerMapping : Mapped URL path [/v2/api-docs] onto method [public org.springframework.http.ResponseEntity<springfox.documentation.spring.web.json.Json> springfox.documentation.swagger2.web.Swagger2Controller.getDocumentation(java.lang.String,javax.servlet.http.HttpServletRequest)]
2023-12-02 21:07:00.701  INFO 10888 --- [           main] o.s.s.concurrent.ThreadPoolTaskExecutor  : Initializing ExecutorService 'applicationTaskExecutor'
2023-12-02 21:07:00.850  INFO 10888 --- [           main] o.s.b.a.w.s.WelcomePageHandlerMapping    : Adding welcome page template: index
2023-12-02 21:07:01.907  INFO 10888 --- [           main] o.s.b.t.m.w.SpringBootMockServletContext : Initializing Spring TestDispatcherServlet ''
2023-12-02 21:07:01.908  INFO 10888 --- [           main] o.s.t.web.servlet.TestDispatcherServlet  : Initializing Servlet ''
2023-12-02 21:07:01.939  INFO 10888 --- [           main] o.s.t.web.servlet.TestDispatcherServlet  : Completed initialization in 30 ms
2023-12-02 21:07:01.993  INFO 10888 --- [           main] d.s.w.p.DocumentationPluginsBootstrapper : Context refreshed
2023-12-02 21:07:02.062  INFO 10888 --- [           main] d.s.w.p.DocumentationPluginsBootstrapper : Found 1 custom documentation plugin(s)
2023-12-02 21:07:02.145  INFO 10888 --- [           main] s.d.s.w.s.ApiListingReferenceScanner     : Scanning for api listing references
2023-12-02 21:07:02.439  INFO 10888 --- [           main] .d.s.w.r.o.CachingOperationNameGenerator : Generating unique operation named: cadastrarUsingPOST_1
2023-12-02 21:07:02.444  INFO 10888 --- [           main] .d.s.w.r.o.CachingOperationNameGenerator : Generating unique operation named: listaUsingGET_1
2023-12-02 21:07:02.500  INFO 10888 --- [           main] .d.s.w.r.o.CachingOperationNameGenerator : Generating unique operation named: cadastrarUsingPOST_2
2023-12-02 21:07:02.506  INFO 10888 --- [           main] .d.s.w.r.o.CachingOperationNameGenerator : Generating unique operation named: listaUsingGET_2
2023-12-02 21:07:02.530  INFO 10888 --- [           main] .d.s.w.r.o.CachingOperationNameGenerator : Generating unique operation named: cadastrarUsingPOST_3
2023-12-02 21:07:02.534  INFO 10888 --- [           main] .d.s.w.r.o.CachingOperationNameGenerator : Generating unique operation named: listaUsingGET_3
2023-12-02 21:07:02.602  INFO 10888 --- [           main] c.p.p.ComentarioApiAplicationTest        : Started ComentarioApiAplicationTest in 16.687 seconds (JVM running for 20.904)

MockHttpServletRequest:
      HTTP Method = POST
      Request URI = /comentarios
       Parameters = {}
          Headers = [Content-Type:"application/json;charset=UTF-8"]
             Body = {"mensagem":"CursoHorrivel"}
    Session Attrs = {}

Handler:
             Type = com.projects.praticandoAPI.controller.ComentarioController
           Method = public org.springframework.http.ResponseEntity<com.projects.praticandoAPI.controller.dto.ComentarioDto> com.projects.praticandoAPI.controller.ComentarioController.cadastrar(com.projects.praticandoAPI.controller.form.ComentarioForm,org.springframework.web.util.UriComponentsBuilder)

Async:
    Async started = false
     Async result = null

Resolved Exception:
             Type = null

ModelAndView:
        View name = null
             View = null
            Model = null

FlashMap:
       Attributes = null

MockHttpServletResponse:
           Status = 201
    Error message = null
          Headers = [Location:"http://localhost/comentarios/3", Content-Type:"application/json;charset=UTF-8"]
     Content type = application/json;charset=UTF-8
             Body = {"id":3,"mensagem":"CursoHorrivel"}
    Forwarded URL = null
   Redirected URL = http://localhost/comentarios/3
          Cookies = []
]]></system-out>
  </testcase>
</testsuite>